<?xml version="1.0" encoding="UTF-8"?>
<testsuite xmlns:xsi="http://www.w3.org/2001/XMLSchema-instance" xsi:noNamespaceSchemaLocation="https://maven.apache.org/surefire/maven-surefire-plugin/xsd/surefire-test-report-3.0.xsd" version="3.0" name="TestSuite" time="61.521" tests="4" errors="0" skipped="0" failures="1">
  <properties>
[...]
</properties>
  <testcase name="basePageNavigation[nonrestricteduser@qw.com, 123456, Restrcited User](1)" classname="Academy.HomePage" time="12.202">
    <system-out><![CDATA[firefox
]]></system-out>
    <system-err><![CDATA[1633619803059	geckodriver	INFO	Listening on 127.0.0.1:28346
1633619803490	mozrunner::runner	INFO	Running command: "C:\\Program Files\\Mozilla Firefox\\firefox.exe" "--marionette" "-no-remote" "-profile" "C:\\Users\\User\\AppData\\Local\\Temp\\rust_mozprofilex2C0N7"
1633619804409	Marionette	INFO	Marionette enabled
console.warn: SearchSettings: "get: No settings file exists, new profile?" (new NotFoundError("Could not open the file at C:\\Users\\User\\AppData\\Local\\Temp\\rust_mozprofilex2C0N7\\search.json.mozlz4", (void 0)))
1633619810174	Marionette	INFO	Listening on port 64101
1633619811162	RemoteAgent	WARN	TLS certificate errors will be ignored for this session
Oct 07, 2021 8:46:51 PM org.openqa.selenium.remote.ProtocolHandshake createSession
INFO: Detected dialect: W3C
]]></system-err>
  </testcase>
  <testcase name="basePageNavigation[restricteduser@qw.com, 456788, Non restricted user](2)" classname="Academy.HomePage" time="2.643"/>
  <testcase name="validateAppTitle" classname="Academy.validateTitle" time="0.261">
    <failure message="expected [FEATURED CO123URSES] but found [FEATURED COURSES]" type="java.lang.AssertionError"><![CDATA[java.lang.AssertionError: expected [FEATURED CO123URSES] but found [FEATURED COURSES]
	at Academy.validateTitle.validateAppTitle(validateTitle.java:43)
]]></failure>
    <system-out><![CDATA[firefox
]]></system-out>
    <system-err><![CDATA[1633619826316	Marionette	INFO	Stopped listening on port 64101
JavaScript error: resource:///modules/Interactions.jsm, line 201: NS_ERROR_FAILURE: Component returned failure code: 0x80004005 (NS_ERROR_FAILURE) [nsIUserIdleService.removeIdleObserver]
[Parent 13064, IPC I/O Parent] WARNING: file /builds/worker/checkouts/gecko/ipc/chromium/src/base/process_util_win.cc:167
1633619829791	geckodriver	INFO	Listening on 127.0.0.1:19980
1633619829819	mozrunner::runner	INFO	Running command: "C:\\Program Files\\Mozilla Firefox\\firefox.exe" "--marionette" "-no-remote" "-profile" "C:\\Users\\User\\AppData\\Local\\Temp\\rust_mozprofileCMKPuh"
1633619830852	Marionette	INFO	Marionette enabled
console.warn: SearchSettings: "get: No settings file exists, new profile?" (new NotFoundError("Could not open the file at C:\\Users\\User\\AppData\\Local\\Temp\\rust_mozprofileCMKPuh\\search.json.mozlz4", (void 0)))
1633619834947	Marionette	INFO	Listening on port 49241
1633619835472	RemoteAgent	WARN	TLS certificate errors will be ignored for this session
Oct 07, 2021 8:47:15 PM org.openqa.selenium.remote.ProtocolHandshake createSession
INFO: Detected dialect: W3C
]]></system-err>
  </testcase>
  <testcase name="validateAppNavBar" classname="Academy.validateNavigationBar" time="0.197">
    <system-out><![CDATA[firefox
Test completed
]]></system-out>
    <system-err><![CDATA[1633619844812	Marionette	INFO	Stopped listening on port 49241
JavaScript error: resource:///modules/Interactions.jsm, line 201: NS_ERROR_FAILURE: Component returned failure code: 0x80004005 (NS_ERROR_FAILURE) [nsIUserIdleService.removeIdleObserver]

###!!! [Child][RunMessage] Error: Channel closing: too late to send/recv, messages will be lost


###!!! [Parent][MessageChannel] Error: (msgtype=0x39007A,name=PContent::Msg_DestroyBrowsingContextGroup) Closed channel: cannot send/recv

JavaScript error: resource://gre/modules/Sqlite.jsm, line 1030: Error: Sqlite.jsm has been shutdown. Cannot open connection to: C:\Users\User\AppData\Local\Temp\rust_mozprofileCMKPuh\protections.sqlite

###!!! [Child][RunMessage] Error: Channel closing: too late to send/recv, messages will be lost


###!!! [Child][RunMessage] Error: Channel closing: too late to send/recv, messages will be lost


###!!! [Child][RunMessage] Error: Channel closing: too late to send/recv, messages will be lost

1633619846928	geckodriver	INFO	Listening on 127.0.0.1:19263
1633619846959	mozrunner::runner	INFO	Running command: "C:\\Program Files\\Mozilla Firefox\\firefox.exe" "--marionette" "-no-remote" "-profile" "C:\\Users\\User\\AppData\\Local\\Temp\\rust_mozprofile8GV6DN"
1633619848896	Marionette	INFO	Marionette enabled
console.warn: SearchSettings: "get: No settings file exists, new profile?" (new NotFoundError("Could not open the file at C:\\Users\\User\\AppData\\Local\\Temp\\rust_mozprofile8GV6DN\\search.json.mozlz4", (void 0)))
1633619853550	Marionette	INFO	Listening on port 50262
1633619853936	RemoteAgent	WARN	TLS certificate errors will be ignored for this session
Oct 07, 2021 8:47:33 PM org.openqa.selenium.remote.ProtocolHandshake createSession
INFO: Detected dialect: W3C
]]></system-err>
  </testcase>
</testsuite>